<?xml version="1.0" encoding="UTF-8"?>
<!-- Generated by org.testng.reporters.JUnitReportReporter -->
<testsuite hostname="LAPTOP-MBIHGQOB" failures="0" tests="1" name="com.testprograms.Invalidlogin" time="2.356" errors="0" timestamp="2024-07-03T10:16:16 IST" skipped="0">
  <testcase classname="com.testprograms.Invalidlogin" name="InvalidLoginTest" time="2.356"/>
  <system-out/>
</testsuite> <!-- com.testprograms.Invalidlogin -->
