<?xml version="1.0" encoding="UTF-8"?>
<!-- Generated by org.testng.reporters.JUnitReportReporter -->
<testsuite hostname="LAPTOP-MBIHGQOB" failures="0" tests="1" name="com.testprograms.Invalidlogin" time="1.529" errors="0" timestamp="2024-06-22T13:01:02 IST" skipped="0">
  <testcase classname="com.testprograms.Invalidlogin" name="LoginTest" time="1.529"/>
  <system-out/>
</testsuite> <!-- com.testprograms.Invalidlogin -->
