<?xml version="1.0" encoding="UTF-8"?>
<!-- Generated by org.testng.reporters.JUnitReportReporter -->
<testsuite hostname="LAPTOP-MBIHGQOB" failures="0" tests="1" name="com.testprograms.LoginPageTest" time="24.932" errors="0" timestamp="2024-07-01T08:27:31 IST" skipped="0">
  <testcase classname="com.testprograms.LoginPageTest" name="LoginTest" time="24.932"/>
  <system-out/>
</testsuite> <!-- com.testprograms.LoginPageTest -->
