<?xml version="1.0" encoding="UTF-8"?>
<!-- Generated by org.testng.reporters.JUnitReportReporter -->
<testsuite hostname="LAPTOP-MBIHGQOB" failures="0" tests="1" name="com.testprograms.FirstTestngProgram" time="7.187" errors="0" timestamp="2024-06-22T12:59:42 IST" skipped="0">
  <testcase classname="com.testprograms.FirstTestngProgram" name="LoginTest" time="7.187"/>
  <system-out/>
</testsuite> <!-- com.testprograms.FirstTestngProgram -->
