<?xml version="1.0" encoding="UTF-8"?>
<!-- Generated by org.testng.reporters.JUnitReportReporter -->
<testsuite hostname="LAPTOP-MBIHGQOB" failures="0" tests="1" name="com.testprograms.Invalidlogin" time="1.563" errors="0" timestamp="2024-07-01T08:10:51 IST" skipped="0">
  <testcase classname="com.testprograms.Invalidlogin" name="LoginTest" time="1.563"/>
  <system-out/>
</testsuite> <!-- com.testprograms.Invalidlogin -->
