<?xml version="1.0" encoding="UTF-8"?>
<!-- Generated by org.testng.reporters.JUnitReportReporter -->
<testsuite hostname="LAPTOP-MBIHGQOB" failures="0" tests="1" name="com.testprograms.RegTestFactory" time="5.802" errors="0" timestamp="2024-06-16T15:26:30 IST" skipped="0">
  <testcase classname="com.testprograms.RegTestFactory" name="LoginTest" time="5.802"/>
  <system-out/>
</testsuite> <!-- com.testprograms.RegTestFactory -->
