<?xml version="1.0" encoding="UTF-8"?>
<!-- Generated by org.testng.reporters.JUnitReportReporter -->
<testsuite hostname="LAPTOP-MBIHGQOB" failures="0" tests="1" name="com.testprograms.RegTestCase" time="10.152" errors="0" timestamp="2024-06-27T11:03:57 IST" skipped="0">
  <testcase classname="com.testprograms.RegTestCase" name="LoginTest" time="10.152"/>
  <system-out/>
</testsuite> <!-- com.testprograms.RegTestCase -->
